Determining if the pthread_create exist failed with the following output:
Change Dir: /home/mkv/AUE893_mvallur/build/CMakeFiles/CMakeTmp

Run Build Command:"/usr/bin/make" "cmTC_3bfef/fast"
/usr/bin/make -f CMakeFiles/cmTC_3bfef.dir/build.make CMakeFiles/cmTC_3bfef.dir/build
make[1]: Entering directory '/home/mkv/AUE893_mvallur/build/CMakeFiles/CMakeTmp'
Building C object CMakeFiles/cmTC_3bfef.dir/CheckSymbolExists.c.o
/usr/bin/cc     -o CMakeFiles/cmTC_3bfef.dir/CheckSymbolExists.c.o   -c /home/mkv/AUE893_mvallur/build/CMakeFiles/CMakeTmp/CheckSymbolExists.c
Linking C executable cmTC_3bfef
/usr/bin/cmake -E cmake_link_script CMakeFiles/cmTC_3bfef.dir/link.txt --verbose=1
/usr/bin/cc       CMakeFiles/cmTC_3bfef.dir/CheckSymbolExists.c.o  -o cmTC_3bfef -rdynamic 
CMakeFiles/cmTC_3bfef.dir/CheckSymbolExists.c.o: In function `main':
CheckSymbolExists.c:(.text+0x16): undefined reference to `pthread_create'
collect2: error: ld returned 1 exit status
CMakeFiles/cmTC_3bfef.dir/build.make:97: recipe for target 'cmTC_3bfef' failed
make[1]: *** [cmTC_3bfef] Error 1
make[1]: Leaving directory '/home/mkv/AUE893_mvallur/build/CMakeFiles/CMakeTmp'
Makefile:126: recipe for target 'cmTC_3bfef/fast' failed
make: *** [cmTC_3bfef/fast] Error 2

File /home/mkv/AUE893_mvallur/build/CMakeFiles/CMakeTmp/CheckSymbolExists.c:
/* */
#include <pthread.h>

int main(int argc, char** argv)
{
  (void)argv;
#ifndef pthread_create
  return ((int*)(&pthread_create))[argc];
#else
  (void)argc;
  return 0;
#endif
}

Determining if the function pthread_create exists in the pthreads failed with the following output:
Change Dir: /home/mkv/AUE893_mvallur/build/CMakeFiles/CMakeTmp

Run Build Command:"/usr/bin/make" "cmTC_46cce/fast"
/usr/bin/make -f CMakeFiles/cmTC_46cce.dir/build.make CMakeFiles/cmTC_46cce.dir/build
make[1]: Entering directory '/home/mkv/AUE893_mvallur/build/CMakeFiles/CMakeTmp'
Building C object CMakeFiles/cmTC_46cce.dir/CheckFunctionExists.c.o
/usr/bin/cc    -DCHECK_FUNCTION_EXISTS=pthread_create   -o CMakeFiles/cmTC_46cce.dir/CheckFunctionExists.c.o   -c /usr/share/cmake-3.5/Modules/CheckFunctionExists.c
Linking C executable cmTC_46cce
/usr/bin/cmake -E cmake_link_script CMakeFiles/cmTC_46cce.dir/link.txt --verbose=1
/usr/bin/cc   -DCHECK_FUNCTION_EXISTS=pthread_create    CMakeFiles/cmTC_46cce.dir/CheckFunctionExists.c.o  -o cmTC_46cce -rdynamic -lpthreads 
/usr/bin/ld: cannot find -lpthreads
collect2: error: ld returned 1 exit status
CMakeFiles/cmTC_46cce.dir/build.make:97: recipe for target 'cmTC_46cce' failed
make[1]: *** [cmTC_46cce] Error 1
make[1]: Leaving directory '/home/mkv/AUE893_mvallur/build/CMakeFiles/CMakeTmp'
Makefile:126: recipe for target 'cmTC_46cce/fast' failed
make: *** [cmTC_46cce/fast] Error 2


